{
  "stats": {
    "suites": 1,
    "tests": 4,
    "passes": 4,
    "pending": 0,
    "failures": 0,
    "start": "2026-03-31T22:30:02.841Z",
    "end": "2026-03-31T22:30:07.346Z",
    "duration": 4505,
    "testsRegistered": 4,
    "passPercent": 100,
    "pendingPercent": 0,
    "other": 0,
    "hasOther": false,
    "skipped": 0,
    "hasSkipped": false
  },
  "results": [
    {
      "uuid": "07fadc80-196e-49e5-ac1a-756a7b4db984",
      "title": "",
      "fullFile": "cypress\\e2e\\login.cy.js",
      "file": "cypress\\e2e\\login.cy.js",
      "beforeHooks": [],
      "afterHooks": [],
      "tests": [],
      "suites": [
        {
          "uuid": "e19fef79-2fcc-42b5-a34b-736553ad0bd1",
          "title": "Login",
          "fullFile": "",
          "file": "",
          "beforeHooks": [],
          "afterHooks": [],
          "tests": [
            {
              "title": "Login exitoso con usuario válido",
              "fullTitle": "Login Login exitoso con usuario válido",
              "timedOut": null,
              "duration": 1709,
              "state": "passed",
              "speed": "fast",
              "pass": true,
              "fail": false,
              "pending": false,
              "context": null,
              "code": "cy.get('#user-name').type('standard_user');\ncy.get('#password').type('secret_sauce');\ncy.get('#login-button').click();\ncy.url().should('include', '/inventory');\ncy.get('.app_logo').should('contain', 'Swag Labs');",
              "err": {},
              "uuid": "c8640ad0-f6ef-48a1-b7dd-94accd5234b1",
              "parentUUID": "e19fef79-2fcc-42b5-a34b-736553ad0bd1",
              "isHook": false,
              "skipped": false
            },
            {
              "title": "Login fallido muestra mensaje de error",
              "fullTitle": "Login Login fallido muestra mensaje de error",
              "timedOut": null,
              "duration": 748,
              "state": "passed",
              "speed": "fast",
              "pass": true,
              "fail": false,
              "pending": false,
              "context": null,
              "code": "cy.get('#user-name').type('wrong_user');\ncy.get('#password').type('wrong_pass');\ncy.get('#login-button').click();\ncy.get('[data-test=\"error\"]').should('be.visible').and('contain', 'Username and password do not match');",
              "err": {},
              "uuid": "d2c7684c-4df2-46a7-9e5f-4f74b1381c65",
              "parentUUID": "e19fef79-2fcc-42b5-a34b-736553ad0bd1",
              "isHook": false,
              "skipped": false
            },
            {
              "title": "Usuario bloqueado no puede ingresar",
              "fullTitle": "Login Usuario bloqueado no puede ingresar",
              "timedOut": null,
              "duration": 946,
              "state": "passed",
              "speed": "fast",
              "pass": true,
              "fail": false,
              "pending": false,
              "context": null,
              "code": "cy.get('#user-name').type('locked_out_user');\ncy.get('#password').type('secret_sauce');\ncy.get('#login-button').click();\ncy.get('[data-test=\"error\"]').should('contain', 'locked out');",
              "err": {},
              "uuid": "ea1407db-f133-4f38-b3b4-b5ff4cc0bddc",
              "parentUUID": "e19fef79-2fcc-42b5-a34b-736553ad0bd1",
              "isHook": false,
              "skipped": false
            },
            {
              "title": "Agregar producto al carrito",
              "fullTitle": "Login Agregar producto al carrito",
              "timedOut": null,
              "duration": 955,
              "state": "passed",
              "speed": "fast",
              "pass": true,
              "fail": false,
              "pending": false,
              "context": null,
              "code": "cy.visit('/');\ncy.get('#user-name').type('standard_user');\ncy.get('#password').type('secret_sauce');\ncy.get('#login-button').click();\ncy.get('.inventory_item').first().find('button').click();\ncy.get('.shopping_cart_badge').should('contain', '1');",
              "err": {},
              "uuid": "84f8ded2-d0b2-4fc7-890e-3e26530f9385",
              "parentUUID": "e19fef79-2fcc-42b5-a34b-736553ad0bd1",
              "isHook": false,
              "skipped": false
            }
          ],
          "suites": [],
          "passes": [
            "c8640ad0-f6ef-48a1-b7dd-94accd5234b1",
            "d2c7684c-4df2-46a7-9e5f-4f74b1381c65",
            "ea1407db-f133-4f38-b3b4-b5ff4cc0bddc",
            "84f8ded2-d0b2-4fc7-890e-3e26530f9385"
          ],
          "failures": [],
          "pending": [],
          "skipped": [],
          "duration": 4358,
          "root": false,
          "rootEmpty": false,
          "_timeout": 2000
        }
      ],
      "passes": [],
      "failures": [],
      "pending": [],
      "skipped": [],
      "duration": 0,
      "root": true,
      "rootEmpty": true,
      "_timeout": 2000
    }
  ],
  "meta": {
    "mocha": {
      "version": "7.2.0"
    },
    "mochawesome": {
      "options": {
        "quiet": false,
        "reportFilename": "mochawesome",
        "saveHtml": false,
        "saveJson": true,
        "consoleReporter": "spec",
        "useInlineDiffs": false,
        "code": true
      },
      "version": "7.1.4"
    },
    "marge": {
      "options": {
        "reportDir": "cypress/reports",
        "overwrite": false,
        "html": false,
        "json": true
      },
      "version": "6.3.2"
    }
  }
}