{
  "stats": {
    "suites": 1,
    "tests": 1,
    "passes": 1,
    "pending": 0,
    "failures": 0,
    "start": "2026-03-31T22:29:58.844Z",
    "end": "2026-03-31T22:30:01.314Z",
    "duration": 2470,
    "testsRegistered": 1,
    "passPercent": 100,
    "pendingPercent": 0,
    "other": 0,
    "hasOther": false,
    "skipped": 0,
    "hasSkipped": false
  },
  "results": [
    {
      "uuid": "a397725a-ae54-44cb-ba05-217965a6375c",
      "title": "",
      "fullFile": "cypress\\e2e\\carrito.cy.js",
      "file": "cypress\\e2e\\carrito.cy.js",
      "beforeHooks": [],
      "afterHooks": [],
      "tests": [],
      "suites": [
        {
          "uuid": "7bc35aa7-bb93-4305-a87d-4a914685f4d0",
          "title": "Carrito",
          "fullFile": "",
          "file": "",
          "beforeHooks": [],
          "afterHooks": [],
          "tests": [
            {
              "title": "Agregar producto al carrito",
              "fullTitle": "Carrito Agregar producto al carrito",
              "timedOut": null,
              "duration": 2411,
              "state": "passed",
              "speed": "fast",
              "pass": true,
              "fail": false,
              "pending": false,
              "context": null,
              "code": "_inventoryPage.default.agregarPrimerProducto();\n_inventoryPage.default.validarCarrito(1);",
              "err": {},
              "uuid": "7c05e88b-d13e-4b45-9a24-47d207afb1e8",
              "parentUUID": "7bc35aa7-bb93-4305-a87d-4a914685f4d0",
              "isHook": false,
              "skipped": false
            }
          ],
          "suites": [],
          "passes": [
            "7c05e88b-d13e-4b45-9a24-47d207afb1e8"
          ],
          "failures": [],
          "pending": [],
          "skipped": [],
          "duration": 2411,
          "root": false,
          "rootEmpty": false,
          "_timeout": 2000
        }
      ],
      "passes": [],
      "failures": [],
      "pending": [],
      "skipped": [],
      "duration": 0,
      "root": true,
      "rootEmpty": true,
      "_timeout": 2000
    }
  ],
  "meta": {
    "mocha": {
      "version": "7.2.0"
    },
    "mochawesome": {
      "options": {
        "quiet": false,
        "reportFilename": "mochawesome",
        "saveHtml": false,
        "saveJson": true,
        "consoleReporter": "spec",
        "useInlineDiffs": false,
        "code": true
      },
      "version": "7.1.4"
    },
    "marge": {
      "options": {
        "reportDir": "cypress/reports",
        "overwrite": false,
        "html": false,
        "json": true
      },
      "version": "6.3.2"
    }
  }
}